<?xml version="1.0" encoding="UTF-8"?>
<!-- Generated by org.testng.reporters.JUnitReportReporter -->
<testsuite hostname="DESKTOP-0KUUI79" failures="0" tests="1" name="com.TestCases.SearchProductTest" time="38.643" errors="0" timestamp="2024-02-23T12:24:53 IST" skipped="0">
  <testcase classname="com.TestCases.SearchProductTest" name="searchProduct" time="38.643"/>
  <system-out/>
</testsuite> <!-- com.TestCases.SearchProductTest -->
